Open DHCP Server Version 1.64 Windows Build 1041

[05-Mar-17 00:49:02] DHCPREQUEST from Host 94:de:80:56:5a:c1 (tplink32492) without Discover, NAKed
[05-Mar-17 01:49:03] DHCPREQUEST from Host 94:de:80:56:5a:c1 (tplink32492) without Discover, NAKed
[05-Mar-17 02:49:03] DHCPREQUEST from Host 94:de:80:56:5a:c1 (tplink32492) without Discover, NAKed
[05-Mar-17 03:49:03] DHCPREQUEST from Host 94:de:80:56:5a:c1 (tplink32492) without Discover, NAKed
[05-Mar-17 04:49:04] DHCPREQUEST from Host 94:de:80:56:5a:c1 (tplink32492) without Discover, NAKed
[05-Mar-17 05:49:04] DHCPREQUEST from Host 94:de:80:56:5a:c1 (tplink32492) without Discover, NAKed
[05-Mar-17 06:49:04] DHCPREQUEST from Host 94:de:80:56:5a:c1 (tplink32492) without Discover, NAKed
[05-Mar-17 07:49:04] DHCPREQUEST from Host 94:de:80:56:5a:c1 (tplink32492) without Discover, NAKed
[05-Mar-17 08:49:05] DHCPREQUEST from Host 94:de:80:56:5a:c1 (tplink32492) without Discover, NAKed
[05-Mar-17 09:49:05] DHCPREQUEST from Host 94:de:80:56:5a:c1 (tplink32492) without Discover, NAKed
[05-Mar-17 10:49:05] DHCPREQUEST from Host 94:de:80:56:5a:c1 (tplink32492) without Discover, NAKed
[05-Mar-17 11:49:06] DHCPREQUEST from Host 94:de:80:56:5a:c1 (tplink32492) without Discover, NAKed
[05-Mar-17 12:49:06] DHCPREQUEST from Host 94:de:80:56:5a:c1 (tplink32492) without Discover, NAKed
[05-Mar-17 13:49:06] DHCPREQUEST from Host 94:de:80:56:5a:c1 (tplink32492) without Discover, NAKed
[05-Mar-17 14:49:06] DHCPREQUEST from Host 94:de:80:56:5a:c1 (tplink32492) without Discover, NAKed
[05-Mar-17 15:49:07] DHCPREQUEST from Host 94:de:80:56:5a:c1 (tplink32492) without Discover, NAKed
[05-Mar-17 16:49:07] DHCPREQUEST from Host 94:de:80:56:5a:c1 (tplink32492) without Discover, NAKed
[05-Mar-17 17:49:07] DHCPREQUEST from Host 94:de:80:56:5a:c1 (tplink32492) without Discover, NAKed
[05-Mar-17 18:49:08] DHCPREQUEST from Host 94:de:80:56:5a:c1 (tplink32492) without Discover, NAKed
[05-Mar-17 19:49:08] DHCPREQUEST from Host 94:de:80:56:5a:c1 (tplink32492) without Discover, NAKed
[05-Mar-17 20:49:08] DHCPREQUEST from Host 94:de:80:56:5a:c1 (tplink32492) without Discover, NAKed
[05-Mar-17 20:53:07] No Matching DHCP Range for DHCPDISCOVER for 00:50:56:c0:00:08 (jiangji) from interface 172.29.85.40
[05-Mar-17 21:49:08] DHCPREQUEST from Host 94:de:80:56:5a:c1 (tplink32492) without Discover, NAKed
[05-Mar-17 21:49:08] No Matching DHCP Range for DHCPDISCOVER for 94:de:80:56:5a:c1 (tplink32492) from interface 172.29.85.40
[05-Mar-17 22:49:39] DHCPREQUEST from Host 94:de:80:56:5a:c1 (tplink32492) without Discover, NAKed
[05-Mar-17 23:49:39] DHCPREQUEST from Host 94:de:80:56:5a:c1 (tplink32492) without Discover, NAKed
Logging Continued on file G:\task\option66\charley\TpUpgrade\log\OpenDHCPServer20170306.log
